<?xml version="1.0" encoding="UTF-8"?>
<testsuite xmlns:xsi="http://www.w3.org/2001/XMLSchema-instance" xsi:noNamespaceSchemaLocation="https://maven.apache.org/surefire/maven-surefire-plugin/xsd/surefire-test-report.xsd" name="com.optiktv.com.AppTest" time="33.28" tests="1" errors="0" skipped="0" failures="0">
  <properties>
    <property name="gopherProxySet" value="false"/>
    <property name="awt.toolkit" value="sun.lwawt.macosx.LWCToolkit"/>
    <property name="file.encoding.pkg" value="sun.io"/>
    <property name="java.specification.version" value="1.8"/>
    <property name="sun.cpu.isalist" value=""/>
    <property name="sun.jnu.encoding" value="UTF-8"/>
    <property name="java.class.path" value="/Users/rachita.jinjuvadia/Desktop/androidSampleProject/target/test-classes:/Users/rachita.jinjuvadia/Desktop/androidSampleProject/target/classes:/Users/rachita.jinjuvadia/.m2/repository/junit/junit/4.13.2/junit-4.13.2.jar:/Users/rachita.jinjuvadia/.m2/repository/org/hamcrest/hamcrest-core/1.3/hamcrest-core-1.3.jar:/Users/rachita.jinjuvadia/.m2/repository/org/apache/maven/maven-plugin-api/3.8.5/maven-plugin-api-3.8.5.jar:/Users/rachita.jinjuvadia/.m2/repository/org/apache/maven/maven-model/3.8.5/maven-model-3.8.5.jar:/Users/rachita.jinjuvadia/.m2/repository/org/apache/maven/maven-artifact/3.8.5/maven-artifact-3.8.5.jar:/Users/rachita.jinjuvadia/.m2/repository/org/eclipse/sisu/org.eclipse.sisu.plexus/0.3.5/org.eclipse.sisu.plexus-0.3.5.jar:/Users/rachita.jinjuvadia/.m2/repository/javax/annotation/javax.annotation-api/1.2/javax.annotation-api-1.2.jar:/Users/rachita.jinjuvadia/.m2/repository/org/eclipse/sisu/org.eclipse.sisu.inject/0.3.5/org.eclipse.sisu.inject-0.3.5.jar:/Users/rachita.jinjuvadia/.m2/repository/org/codehaus/plexus/plexus-component-annotations/1.5.5/plexus-component-annotations-1.5.5.jar:/Users/rachita.jinjuvadia/.m2/repository/org/codehaus/plexus/plexus-utils/3.3.0/plexus-utils-3.3.0.jar:/Users/rachita.jinjuvadia/.m2/repository/org/codehaus/plexus/plexus-classworlds/2.6.0/plexus-classworlds-2.6.0.jar:/Users/rachita.jinjuvadia/.m2/repository/io/cucumber/cucumber-java/6.8.1/cucumber-java-6.8.1.jar:/Users/rachita.jinjuvadia/.m2/repository/io/cucumber/cucumber-core/6.8.1/cucumber-core-6.8.1.jar:/Users/rachita.jinjuvadia/.m2/repository/io/cucumber/cucumber-gherkin/6.8.1/cucumber-gherkin-6.8.1.jar:/Users/rachita.jinjuvadia/.m2/repository/io/cucumber/cucumber-gherkin-messages/6.8.1/cucumber-gherkin-messages-6.8.1.jar:/Users/rachita.jinjuvadia/.m2/repository/io/cucumber/messages/13.1.0/messages-13.1.0.jar:/Users/rachita.jinjuvadia/.m2/repository/io/cucumber/tag-expressions/3.0.0/tag-expressions-3.0.0.jar:/Users/rachita.jinjuvadia/.m2/repository/io/cucumber/cucumber-expressions/10.3.0/cucumber-expressions-10.3.0.jar:/Users/rachita.jinjuvadia/.m2/repository/io/cucumber/datatable/3.5.0/datatable-3.5.0.jar:/Users/rachita.jinjuvadia/.m2/repository/io/cucumber/cucumber-plugin/6.8.1/cucumber-plugin-6.8.1.jar:/Users/rachita.jinjuvadia/.m2/repository/io/cucumber/docstring/6.8.1/docstring-6.8.1.jar:/Users/rachita.jinjuvadia/.m2/repository/io/cucumber/html-formatter/9.0.0/html-formatter-9.0.0.jar:/Users/rachita.jinjuvadia/.m2/repository/io/cucumber/create-meta/2.0.2/create-meta-2.0.2.jar:/Users/rachita.jinjuvadia/.m2/repository/org/apiguardian/apiguardian-api/1.1.0/apiguardian-api-1.1.0.jar:/Users/rachita.jinjuvadia/.m2/repository/io/cucumber/cucumber-junit/6.8.1/cucumber-junit-6.8.1.jar:/Users/rachita.jinjuvadia/.m2/repository/io/appium/java-client/6.1.0/java-client-6.1.0.jar:/Users/rachita.jinjuvadia/.m2/repository/org/seleniumhq/selenium/selenium-java/3.12.0/selenium-java-3.12.0.jar:/Users/rachita.jinjuvadia/.m2/repository/org/seleniumhq/selenium/selenium-chrome-driver/3.12.0/selenium-chrome-driver-3.12.0.jar:/Users/rachita.jinjuvadia/.m2/repository/org/seleniumhq/selenium/selenium-edge-driver/3.12.0/selenium-edge-driver-3.12.0.jar:/Users/rachita.jinjuvadia/.m2/repository/org/seleniumhq/selenium/selenium-firefox-driver/3.12.0/selenium-firefox-driver-3.12.0.jar:/Users/rachita.jinjuvadia/.m2/repository/org/seleniumhq/selenium/selenium-ie-driver/3.12.0/selenium-ie-driver-3.12.0.jar:/Users/rachita.jinjuvadia/.m2/repository/org/seleniumhq/selenium/selenium-opera-driver/3.12.0/selenium-opera-driver-3.12.0.jar:/Users/rachita.jinjuvadia/.m2/repository/org/seleniumhq/selenium/selenium-remote-driver/3.12.0/selenium-remote-driver-3.12.0.jar:/Users/rachita.jinjuvadia/.m2/repository/org/seleniumhq/selenium/selenium-safari-driver/3.12.0/selenium-safari-driver-3.12.0.jar:/Users/rachita.jinjuvadia/.m2/repository/net/bytebuddy/byte-buddy/1.8.3/byte-buddy-1.8.3.jar:/Users/rachita.jinjuvadia/.m2/repository/org/apache/commons/commons-exec/1.3/commons-exec-1.3.jar:/Users/rachita.jinjuvadia/.m2/repository/commons-codec/commons-codec/1.10/commons-codec-1.10.jar:/Users/rachita.jinjuvadia/.m2/repository/commons-logging/commons-logging/1.2/commons-logging-1.2.jar:/Users/rachita.jinjuvadia/.m2/repository/com/google/guava/guava/23.6-jre/guava-23.6-jre.jar:/Users/rachita.jinjuvadia/.m2/repository/com/google/code/findbugs/jsr305/1.3.9/jsr305-1.3.9.jar:/Users/rachita.jinjuvadia/.m2/repository/org/checkerframework/checker-compat-qual/2.0.0/checker-compat-qual-2.0.0.jar:/Users/rachita.jinjuvadia/.m2/repository/com/google/errorprone/error_prone_annotations/2.1.3/error_prone_annotations-2.1.3.jar:/Users/rachita.jinjuvadia/.m2/repository/com/google/j2objc/j2objc-annotations/1.1/j2objc-annotations-1.1.jar:/Users/rachita.jinjuvadia/.m2/repository/org/codehaus/mojo/animal-sniffer-annotations/1.14/animal-sniffer-annotations-1.14.jar:/Users/rachita.jinjuvadia/.m2/repository/org/apache/httpcomponents/httpcore/4.4.6/httpcore-4.4.6.jar:/Users/rachita.jinjuvadia/.m2/repository/com/squareup/okhttp3/okhttp/3.9.1/okhttp-3.9.1.jar:/Users/rachita.jinjuvadia/.m2/repository/com/squareup/okio/okio/1.13.0/okio-1.13.0.jar:/Users/rachita.jinjuvadia/.m2/repository/org/seleniumhq/selenium/selenium-support/3.12.0/selenium-support-3.12.0.jar:/Users/rachita.jinjuvadia/.m2/repository/org/seleniumhq/selenium/selenium-api/3.12.0/selenium-api-3.12.0.jar:/Users/rachita.jinjuvadia/.m2/repository/com/google/code/gson/gson/2.8.4/gson-2.8.4.jar:/Users/rachita.jinjuvadia/.m2/repository/org/apache/httpcomponents/httpclient/4.5.5/httpclient-4.5.5.jar:/Users/rachita.jinjuvadia/.m2/repository/cglib/cglib/3.2.6/cglib-3.2.6.jar:/Users/rachita.jinjuvadia/.m2/repository/org/ow2/asm/asm/6.0/asm-6.0.jar:/Users/rachita.jinjuvadia/.m2/repository/org/apache/ant/ant/1.9.6/ant-1.9.6.jar:/Users/rachita.jinjuvadia/.m2/repository/org/apache/ant/ant-launcher/1.9.6/ant-launcher-1.9.6.jar:/Users/rachita.jinjuvadia/.m2/repository/commons-validator/commons-validator/1.6/commons-validator-1.6.jar:/Users/rachita.jinjuvadia/.m2/repository/commons-beanutils/commons-beanutils/1.9.2/commons-beanutils-1.9.2.jar:/Users/rachita.jinjuvadia/.m2/repository/commons-digester/commons-digester/1.8.1/commons-digester-1.8.1.jar:/Users/rachita.jinjuvadia/.m2/repository/commons-collections/commons-collections/3.2.2/commons-collections-3.2.2.jar:/Users/rachita.jinjuvadia/.m2/repository/org/apache/commons/commons-lang3/3.7/commons-lang3-3.7.jar:/Users/rachita.jinjuvadia/.m2/repository/commons-io/commons-io/2.6/commons-io-2.6.jar:/Users/rachita.jinjuvadia/.m2/repository/org/springframework/spring-context/5.0.5.RELEASE/spring-context-5.0.5.RELEASE.jar:/Users/rachita.jinjuvadia/.m2/repository/org/springframework/spring-aop/5.0.5.RELEASE/spring-aop-5.0.5.RELEASE.jar:/Users/rachita.jinjuvadia/.m2/repository/org/springframework/spring-beans/5.0.5.RELEASE/spring-beans-5.0.5.RELEASE.jar:/Users/rachita.jinjuvadia/.m2/repository/org/springframework/spring-core/5.0.5.RELEASE/spring-core-5.0.5.RELEASE.jar:/Users/rachita.jinjuvadia/.m2/repository/org/springframework/spring-jcl/5.0.5.RELEASE/spring-jcl-5.0.5.RELEASE.jar:/Users/rachita.jinjuvadia/.m2/repository/org/springframework/spring-expression/5.0.5.RELEASE/spring-expression-5.0.5.RELEASE.jar:/Users/rachita.jinjuvadia/.m2/repository/org/aspectj/aspectjweaver/1.9.1/aspectjweaver-1.9.1.jar:/Users/rachita.jinjuvadia/.m2/repository/org/openpnp/opencv/3.2.0-1/opencv-3.2.0-1.jar:"/>
    <property name="java.vm.vendor" value="Oracle Corporation"/>
    <property name="sun.arch.data.model" value="64"/>
    <property name="java.vendor.url" value="http://java.oracle.com/"/>
    <property name="user.timezone" value=""/>
    <property name="java.vm.specification.version" value="1.8"/>
    <property name="os.name" value="Mac OS X"/>
    <property name="user.country" value="CA"/>
    <property name="sun.java.launcher" value="SUN_STANDARD"/>
    <property name="sun.boot.library.path" value="/Library/Internet Plug-Ins/JavaAppletPlugin.plugin/Contents/Home/lib"/>
    <property name="sun.java.command" value="/Users/rachita.jinjuvadia/Desktop/androidSampleProject/target/surefire/surefirebooter44573732687176286.jar /Users/rachita.jinjuvadia/Desktop/androidSampleProject/target/surefire 2022-10-20T01-08-01_847-jvmRun1 surefire275746879663906198tmp surefire_06139853404771498144tmp"/>
    <property name="http.nonProxyHosts" value="local|*.local|169.254/16|*.169.254/16"/>
    <property name="surefire.test.class.path" value="/Users/rachita.jinjuvadia/Desktop/androidSampleProject/target/test-classes:/Users/rachita.jinjuvadia/Desktop/androidSampleProject/target/classes:/Users/rachita.jinjuvadia/.m2/repository/junit/junit/4.13.2/junit-4.13.2.jar:/Users/rachita.jinjuvadia/.m2/repository/org/hamcrest/hamcrest-core/1.3/hamcrest-core-1.3.jar:/Users/rachita.jinjuvadia/.m2/repository/org/apache/maven/maven-plugin-api/3.8.5/maven-plugin-api-3.8.5.jar:/Users/rachita.jinjuvadia/.m2/repository/org/apache/maven/maven-model/3.8.5/maven-model-3.8.5.jar:/Users/rachita.jinjuvadia/.m2/repository/org/apache/maven/maven-artifact/3.8.5/maven-artifact-3.8.5.jar:/Users/rachita.jinjuvadia/.m2/repository/org/eclipse/sisu/org.eclipse.sisu.plexus/0.3.5/org.eclipse.sisu.plexus-0.3.5.jar:/Users/rachita.jinjuvadia/.m2/repository/javax/annotation/javax.annotation-api/1.2/javax.annotation-api-1.2.jar:/Users/rachita.jinjuvadia/.m2/repository/org/eclipse/sisu/org.eclipse.sisu.inject/0.3.5/org.eclipse.sisu.inject-0.3.5.jar:/Users/rachita.jinjuvadia/.m2/repository/org/codehaus/plexus/plexus-component-annotations/1.5.5/plexus-component-annotations-1.5.5.jar:/Users/rachita.jinjuvadia/.m2/repository/org/codehaus/plexus/plexus-utils/3.3.0/plexus-utils-3.3.0.jar:/Users/rachita.jinjuvadia/.m2/repository/org/codehaus/plexus/plexus-classworlds/2.6.0/plexus-classworlds-2.6.0.jar:/Users/rachita.jinjuvadia/.m2/repository/io/cucumber/cucumber-java/6.8.1/cucumber-java-6.8.1.jar:/Users/rachita.jinjuvadia/.m2/repository/io/cucumber/cucumber-core/6.8.1/cucumber-core-6.8.1.jar:/Users/rachita.jinjuvadia/.m2/repository/io/cucumber/cucumber-gherkin/6.8.1/cucumber-gherkin-6.8.1.jar:/Users/rachita.jinjuvadia/.m2/repository/io/cucumber/cucumber-gherkin-messages/6.8.1/cucumber-gherkin-messages-6.8.1.jar:/Users/rachita.jinjuvadia/.m2/repository/io/cucumber/messages/13.1.0/messages-13.1.0.jar:/Users/rachita.jinjuvadia/.m2/repository/io/cucumber/tag-expressions/3.0.0/tag-expressions-3.0.0.jar:/Users/rachita.jinjuvadia/.m2/repository/io/cucumber/cucumber-expressions/10.3.0/cucumber-expressions-10.3.0.jar:/Users/rachita.jinjuvadia/.m2/repository/io/cucumber/datatable/3.5.0/datatable-3.5.0.jar:/Users/rachita.jinjuvadia/.m2/repository/io/cucumber/cucumber-plugin/6.8.1/cucumber-plugin-6.8.1.jar:/Users/rachita.jinjuvadia/.m2/repository/io/cucumber/docstring/6.8.1/docstring-6.8.1.jar:/Users/rachita.jinjuvadia/.m2/repository/io/cucumber/html-formatter/9.0.0/html-formatter-9.0.0.jar:/Users/rachita.jinjuvadia/.m2/repository/io/cucumber/create-meta/2.0.2/create-meta-2.0.2.jar:/Users/rachita.jinjuvadia/.m2/repository/org/apiguardian/apiguardian-api/1.1.0/apiguardian-api-1.1.0.jar:/Users/rachita.jinjuvadia/.m2/repository/io/cucumber/cucumber-junit/6.8.1/cucumber-junit-6.8.1.jar:/Users/rachita.jinjuvadia/.m2/repository/io/appium/java-client/6.1.0/java-client-6.1.0.jar:/Users/rachita.jinjuvadia/.m2/repository/org/seleniumhq/selenium/selenium-java/3.12.0/selenium-java-3.12.0.jar:/Users/rachita.jinjuvadia/.m2/repository/org/seleniumhq/selenium/selenium-chrome-driver/3.12.0/selenium-chrome-driver-3.12.0.jar:/Users/rachita.jinjuvadia/.m2/repository/org/seleniumhq/selenium/selenium-edge-driver/3.12.0/selenium-edge-driver-3.12.0.jar:/Users/rachita.jinjuvadia/.m2/repository/org/seleniumhq/selenium/selenium-firefox-driver/3.12.0/selenium-firefox-driver-3.12.0.jar:/Users/rachita.jinjuvadia/.m2/repository/org/seleniumhq/selenium/selenium-ie-driver/3.12.0/selenium-ie-driver-3.12.0.jar:/Users/rachita.jinjuvadia/.m2/repository/org/seleniumhq/selenium/selenium-opera-driver/3.12.0/selenium-opera-driver-3.12.0.jar:/Users/rachita.jinjuvadia/.m2/repository/org/seleniumhq/selenium/selenium-remote-driver/3.12.0/selenium-remote-driver-3.12.0.jar:/Users/rachita.jinjuvadia/.m2/repository/org/seleniumhq/selenium/selenium-safari-driver/3.12.0/selenium-safari-driver-3.12.0.jar:/Users/rachita.jinjuvadia/.m2/repository/net/bytebuddy/byte-buddy/1.8.3/byte-buddy-1.8.3.jar:/Users/rachita.jinjuvadia/.m2/repository/org/apache/commons/commons-exec/1.3/commons-exec-1.3.jar:/Users/rachita.jinjuvadia/.m2/repository/commons-codec/commons-codec/1.10/commons-codec-1.10.jar:/Users/rachita.jinjuvadia/.m2/repository/commons-logging/commons-logging/1.2/commons-logging-1.2.jar:/Users/rachita.jinjuvadia/.m2/repository/com/google/guava/guava/23.6-jre/guava-23.6-jre.jar:/Users/rachita.jinjuvadia/.m2/repository/com/google/code/findbugs/jsr305/1.3.9/jsr305-1.3.9.jar:/Users/rachita.jinjuvadia/.m2/repository/org/checkerframework/checker-compat-qual/2.0.0/checker-compat-qual-2.0.0.jar:/Users/rachita.jinjuvadia/.m2/repository/com/google/errorprone/error_prone_annotations/2.1.3/error_prone_annotations-2.1.3.jar:/Users/rachita.jinjuvadia/.m2/repository/com/google/j2objc/j2objc-annotations/1.1/j2objc-annotations-1.1.jar:/Users/rachita.jinjuvadia/.m2/repository/org/codehaus/mojo/animal-sniffer-annotations/1.14/animal-sniffer-annotations-1.14.jar:/Users/rachita.jinjuvadia/.m2/repository/org/apache/httpcomponents/httpcore/4.4.6/httpcore-4.4.6.jar:/Users/rachita.jinjuvadia/.m2/repository/com/squareup/okhttp3/okhttp/3.9.1/okhttp-3.9.1.jar:/Users/rachita.jinjuvadia/.m2/repository/com/squareup/okio/okio/1.13.0/okio-1.13.0.jar:/Users/rachita.jinjuvadia/.m2/repository/org/seleniumhq/selenium/selenium-support/3.12.0/selenium-support-3.12.0.jar:/Users/rachita.jinjuvadia/.m2/repository/org/seleniumhq/selenium/selenium-api/3.12.0/selenium-api-3.12.0.jar:/Users/rachita.jinjuvadia/.m2/repository/com/google/code/gson/gson/2.8.4/gson-2.8.4.jar:/Users/rachita.jinjuvadia/.m2/repository/org/apache/httpcomponents/httpclient/4.5.5/httpclient-4.5.5.jar:/Users/rachita.jinjuvadia/.m2/repository/cglib/cglib/3.2.6/cglib-3.2.6.jar:/Users/rachita.jinjuvadia/.m2/repository/org/ow2/asm/asm/6.0/asm-6.0.jar:/Users/rachita.jinjuvadia/.m2/repository/org/apache/ant/ant/1.9.6/ant-1.9.6.jar:/Users/rachita.jinjuvadia/.m2/repository/org/apache/ant/ant-launcher/1.9.6/ant-launcher-1.9.6.jar:/Users/rachita.jinjuvadia/.m2/repository/commons-validator/commons-validator/1.6/commons-validator-1.6.jar:/Users/rachita.jinjuvadia/.m2/repository/commons-beanutils/commons-beanutils/1.9.2/commons-beanutils-1.9.2.jar:/Users/rachita.jinjuvadia/.m2/repository/commons-digester/commons-digester/1.8.1/commons-digester-1.8.1.jar:/Users/rachita.jinjuvadia/.m2/repository/commons-collections/commons-collections/3.2.2/commons-collections-3.2.2.jar:/Users/rachita.jinjuvadia/.m2/repository/org/apache/commons/commons-lang3/3.7/commons-lang3-3.7.jar:/Users/rachita.jinjuvadia/.m2/repository/commons-io/commons-io/2.6/commons-io-2.6.jar:/Users/rachita.jinjuvadia/.m2/repository/org/springframework/spring-context/5.0.5.RELEASE/spring-context-5.0.5.RELEASE.jar:/Users/rachita.jinjuvadia/.m2/repository/org/springframework/spring-aop/5.0.5.RELEASE/spring-aop-5.0.5.RELEASE.jar:/Users/rachita.jinjuvadia/.m2/repository/org/springframework/spring-beans/5.0.5.RELEASE/spring-beans-5.0.5.RELEASE.jar:/Users/rachita.jinjuvadia/.m2/repository/org/springframework/spring-core/5.0.5.RELEASE/spring-core-5.0.5.RELEASE.jar:/Users/rachita.jinjuvadia/.m2/repository/org/springframework/spring-jcl/5.0.5.RELEASE/spring-jcl-5.0.5.RELEASE.jar:/Users/rachita.jinjuvadia/.m2/repository/org/springframework/spring-expression/5.0.5.RELEASE/spring-expression-5.0.5.RELEASE.jar:/Users/rachita.jinjuvadia/.m2/repository/org/aspectj/aspectjweaver/1.9.1/aspectjweaver-1.9.1.jar:/Users/rachita.jinjuvadia/.m2/repository/org/openpnp/opencv/3.2.0-1/opencv-3.2.0-1.jar:"/>
    <property name="sun.cpu.endian" value="little"/>
    <property name="user.home" value="/Users/rachita.jinjuvadia"/>
    <property name="user.language" value="en"/>
    <property name="java.specification.vendor" value="Oracle Corporation"/>
    <property name="java.home" value="/Library/Internet Plug-Ins/JavaAppletPlugin.plugin/Contents/Home"/>
    <property name="basedir" value="/Users/rachita.jinjuvadia/Desktop/androidSampleProject"/>
    <property name="file.separator" value="/"/>
    <property name="line.separator" value="&#10;"/>
    <property name="java.vm.specification.vendor" value="Oracle Corporation"/>
    <property name="java.specification.name" value="Java Platform API Specification"/>
    <property name="java.awt.graphicsenv" value="sun.awt.CGraphicsEnvironment"/>
    <property name="surefire.real.class.path" value="/Users/rachita.jinjuvadia/Desktop/androidSampleProject/target/surefire/surefirebooter44573732687176286.jar"/>
    <property name="sun.boot.class.path" value="/Library/Internet Plug-Ins/JavaAppletPlugin.plugin/Contents/Home/lib/resources.jar:/Library/Internet Plug-Ins/JavaAppletPlugin.plugin/Contents/Home/lib/rt.jar:/Library/Internet Plug-Ins/JavaAppletPlugin.plugin/Contents/Home/lib/sunrsasign.jar:/Library/Internet Plug-Ins/JavaAppletPlugin.plugin/Contents/Home/lib/jsse.jar:/Library/Internet Plug-Ins/JavaAppletPlugin.plugin/Contents/Home/lib/jce.jar:/Library/Internet Plug-Ins/JavaAppletPlugin.plugin/Contents/Home/lib/charsets.jar:/Library/Internet Plug-Ins/JavaAppletPlugin.plugin/Contents/Home/lib/jfr.jar:/Library/Internet Plug-Ins/JavaAppletPlugin.plugin/Contents/Home/classes"/>
    <property name="sun.management.compiler" value="HotSpot 64-Bit Tiered Compilers"/>
    <property name="ftp.nonProxyHosts" value="local|*.local|169.254/16|*.169.254/16"/>
    <property name="java.runtime.version" value="1.8.0_311-b11"/>
    <property name="user.name" value="rachita.jinjuvadia"/>
    <property name="path.separator" value=":"/>
    <property name="os.version" value="10.16"/>
    <property name="java.endorsed.dirs" value="/Library/Internet Plug-Ins/JavaAppletPlugin.plugin/Contents/Home/lib/endorsed"/>
    <property name="java.runtime.name" value="Java(TM) SE Runtime Environment"/>
    <property name="file.encoding" value="UTF-8"/>
    <property name="java.vm.name" value="Java HotSpot(TM) 64-Bit Server VM"/>
    <property name="localRepository" value="/Users/rachita.jinjuvadia/.m2/repository"/>
    <property name="java.vendor.url.bug" value="http://bugreport.sun.com/bugreport/"/>
    <property name="java.io.tmpdir" value="/var/folders/jk/_t3ptw1x6rl8c015zjz2v1h869b8fv/T/"/>
    <property name="cucumber.filter.tags" value="@demo"/>
    <property name="java.version" value="1.8.0_311"/>
    <property name="user.dir" value="/Users/rachita.jinjuvadia/Desktop/androidSampleProject"/>
    <property name="os.arch" value="x86_64"/>
    <property name="java.vm.specification.name" value="Java Virtual Machine Specification"/>
    <property name="java.awt.printerjob" value="sun.lwawt.macosx.CPrinterJob"/>
    <property name="sun.os.patch.level" value="unknown"/>
    <property name="java.library.path" value="/Users/rachita.jinjuvadia/Library/Java/Extensions:/Library/Java/Extensions:/Network/Library/Java/Extensions:/System/Library/Java/Extensions:/usr/lib/java:."/>
    <property name="java.vm.info" value="mixed mode"/>
    <property name="java.vendor" value="Oracle Corporation"/>
    <property name="java.vm.version" value="25.311-b11"/>
    <property name="java.ext.dirs" value="/Users/rachita.jinjuvadia/Library/Java/Extensions:/Library/Internet Plug-Ins/JavaAppletPlugin.plugin/Contents/Home/lib/ext:/Library/Java/Extensions:/Network/Library/Java/Extensions:/System/Library/Java/Extensions:/usr/lib/java"/>
    <property name="sun.io.unicode.encoding" value="UnicodeBig"/>
    <property name="java.class.version" value="52.0"/>
    <property name="socksNonProxyHosts" value="local|*.local|169.254/16|*.169.254/16"/>
  </properties>
  <testcase name="User launch the app as guest view mode and finds  method that supports different rating" classname="User is able to find 18A rating movie from OnDemand list by visiting guest mode" time="30.999"/>
</testsuite>